androidApp/build/intermediates/manifest_merge_blame_file/debug/manifest-merger-blame-debug-report.txt
1<?xml version="1.0" encoding="utf-8"?>
2<manifest xmlns:android="http://schemas.android.com/apk/res/android"
3    package="com.mediawalkie"
4    android:versionCode="1"
5    android:versionName="1.0" >
6
7    <uses-sdk
8        android:minSdkVersion="24"
9        android:targetSdkVersion="34" />
10
11    <!-- Required for Nearby Connections -->
12    <uses-permission android:name="android.permission.BLUETOOTH" />
12-->src\main\AndroidManifest.xml:6:5-68
12-->src\main\AndroidManifest.xml:6:22-65
13    <uses-permission android:name="android.permission.BLUETOOTH_ADMIN" />
13-->src\main\AndroidManifest.xml:7:5-74
13-->src\main\AndroidManifest.xml:7:22-71
14    <uses-permission android:name="android.permission.ACCESS_WIFI_STATE" />
14-->src\main\AndroidManifest.xml:8:5-76
14-->src\main\AndroidManifest.xml:8:22-73
15    <uses-permission android:name="android.permission.CHANGE_WIFI_STATE" />
15-->src\main\AndroidManifest.xml:9:5-76
15-->src\main\AndroidManifest.xml:9:22-73
16    <uses-permission android:name="android.permission.ACCESS_COARSE_LOCATION" />
16-->src\main\AndroidManifest.xml:10:5-81
16-->src\main\AndroidManifest.xml:10:22-78
17    <uses-permission android:name="android.permission.ACCESS_FINE_LOCATION" />
17-->src\main\AndroidManifest.xml:11:5-79
17-->src\main\AndroidManifest.xml:11:22-76
18
19    <!-- Android 12+ Bluetooth Permissions -->
20    <uses-permission android:name="android.permission.BLUETOOTH_ADVERTISE" />
20-->src\main\AndroidManifest.xml:14:5-78
20-->src\main\AndroidManifest.xml:14:22-75
21    <uses-permission android:name="android.permission.BLUETOOTH_CONNECT" />
21-->src\main\AndroidManifest.xml:15:5-76
21-->src\main\AndroidManifest.xml:15:22-73
22    <uses-permission android:name="android.permission.BLUETOOTH_SCAN" />
22-->src\main\AndroidManifest.xml:16:5-73
22-->src\main\AndroidManifest.xml:16:22-70
23
24    <!-- Android 13+ Wi-Fi Permissions -->
25    <uses-permission
25-->src\main\AndroidManifest.xml:19:5-125
26        android:name="android.permission.NEARBY_WIFI_DEVICES"
26-->src\main\AndroidManifest.xml:19:22-75
27        android:usesPermissionFlags="neverForLocation" />
27-->src\main\AndroidManifest.xml:19:76-122
28
29    <!-- Audio Recording and Internet (WebRTC) -->
30    <uses-permission android:name="android.permission.RECORD_AUDIO" />
30-->src\main\AndroidManifest.xml:22:5-71
30-->src\main\AndroidManifest.xml:22:22-68
31    <uses-permission android:name="android.permission.INTERNET" />
31-->src\main\AndroidManifest.xml:23:5-67
31-->src\main\AndroidManifest.xml:23:22-64
32    <uses-permission android:name="android.permission.ACCESS_NETWORK_STATE" />
32-->src\main\AndroidManifest.xml:24:5-79
32-->src\main\AndroidManifest.xml:24:22-76
33    <uses-permission android:name="android.permission.MODIFY_AUDIO_SETTINGS" />
33-->src\main\AndroidManifest.xml:25:5-80
33-->src\main\AndroidManifest.xml:25:22-77
34
35    <!-- Foreground Service -->
36    <uses-permission android:name="android.permission.FOREGROUND_SERVICE" />
36-->src\main\AndroidManifest.xml:28:5-77
36-->src\main\AndroidManifest.xml:28:22-74
37    <uses-permission android:name="android.permission.FOREGROUND_SERVICE_MICROPHONE" />
37-->src\main\AndroidManifest.xml:29:5-88
37-->src\main\AndroidManifest.xml:29:22-85
38    <uses-permission android:name="android.permission.WAKE_LOCK" />
38-->src\main\AndroidManifest.xml:30:5-68
38-->src\main\AndroidManifest.xml:30:22-65
39
40    <permission
40-->[androidx.core:core:1.12.0] AndroidManifest.xml:22:5-24:47
41        android:name="com.mediawalkie.DYNAMIC_RECEIVER_NOT_EXPORTED_PERMISSION"
41-->[androidx.core:core:1.12.0] AndroidManifest.xml:23:9-81
42        android:protectionLevel="signature" />
42-->[androidx.core:core:1.12.0] AndroidManifest.xml:24:9-44
43
44    <uses-permission android:name="com.mediawalkie.DYNAMIC_RECEIVER_NOT_EXPORTED_PERMISSION" />
44-->[androidx.core:core:1.12.0] AndroidManifest.xml:26:5-97
44-->[androidx.core:core:1.12.0] AndroidManifest.xml:26:22-94
45
46    <application
46-->src\main\AndroidManifest.xml:32:5-57:19
47        android:allowBackup="true"
47-->src\main\AndroidManifest.xml:33:9-35
48        android:appComponentFactory="androidx.core.app.CoreComponentFactory"
48-->[androidx.core:core:1.12.0] AndroidManifest.xml:28:18-86
49        android:dataExtractionRules="@xml/data_extraction_rules"
49-->src\main\AndroidManifest.xml:34:9-65
50        android:debuggable="true"
51        android:extractNativeLibs="false"
52        android:fullBackupContent="@xml/backup_rules"
52-->src\main\AndroidManifest.xml:35:9-54
53        android:icon="@mipmap/ic_launcher"
53-->src\main\AndroidManifest.xml:36:9-43
54        android:label="@string/app_name"
54-->src\main\AndroidManifest.xml:37:9-41
55        android:roundIcon="@mipmap/ic_launcher_round"
55-->src\main\AndroidManifest.xml:38:9-54
56        android:supportsRtl="true"
56-->src\main\AndroidManifest.xml:39:9-35
57        android:testOnly="true"
58        android:theme="@style/Theme.MediaWalkie"
58-->src\main\AndroidManifest.xml:40:9-49
59        android:usesCleartextTraffic="true" >
59-->src\main\AndroidManifest.xml:41:9-44
60        <activity
60-->src\main\AndroidManifest.xml:43:9-51:20
61            android:name="com.mediawalkie.MainActivity"
61-->src\main\AndroidManifest.xml:44:13-41
62            android:exported="true"
62-->src\main\AndroidManifest.xml:45:13-36
63            android:theme="@style/Theme.MediaWalkie" >
63-->src\main\AndroidManifest.xml:46:13-53
64            <intent-filter>
64-->src\main\AndroidManifest.xml:47:13-50:29
65                <action android:name="android.intent.action.MAIN" />
65-->src\main\AndroidManifest.xml:48:17-69
65-->src\main\AndroidManifest.xml:48:25-66
66
67                <category android:name="android.intent.category.LAUNCHER" />
67-->src\main\AndroidManifest.xml:49:17-77
67-->src\main\AndroidManifest.xml:49:27-74
68            </intent-filter>
69        </activity>
70
71        <service
71-->src\main\AndroidManifest.xml:53:9-56:58
72            android:name="com.mediawalkie.service.WalkieService"
72-->src\main\AndroidManifest.xml:54:13-50
73            android:exported="false"
73-->src\main\AndroidManifest.xml:55:13-37
74            android:foregroundServiceType="microphone" />
74-->src\main\AndroidManifest.xml:56:13-55
75        <service
75-->[com.google.android.gms:play-services-nearby:18.7.0] AndroidManifest.xml:10:9-13:105
76            android:name="com.google.android.gms.nearby.exposurenotification.WakeUpService"
76-->[com.google.android.gms:play-services-nearby:18.7.0] AndroidManifest.xml:11:13-92
77            android:exported="true"
77-->[com.google.android.gms:play-services-nearby:18.7.0] AndroidManifest.xml:12:13-36
78            android:permission="com.google.android.gms.nearby.exposurenotification.EXPOSURE_CALLBACK" />
78-->[com.google.android.gms:play-services-nearby:18.7.0] AndroidManifest.xml:13:13-102
79
80        <activity
80-->[com.google.android.gms:play-services-base:18.0.1] AndroidManifest.xml:20:9-22:45
81            android:name="com.google.android.gms.common.api.GoogleApiActivity"
81-->[com.google.android.gms:play-services-base:18.0.1] AndroidManifest.xml:20:19-85
82            android:exported="false"
82-->[com.google.android.gms:play-services-base:18.0.1] AndroidManifest.xml:22:19-43
83            android:theme="@android:style/Theme.Translucent.NoTitleBar" />
83-->[com.google.android.gms:play-services-base:18.0.1] AndroidManifest.xml:21:19-78
84
85        <meta-data
85-->[com.google.android.gms:play-services-basement:18.0.0] AndroidManifest.xml:21:9-23:69
86            android:name="com.google.android.gms.version"
86-->[com.google.android.gms:play-services-basement:18.0.0] AndroidManifest.xml:22:13-58
87            android:value="@integer/google_play_services_version" />
87-->[com.google.android.gms:play-services-basement:18.0.0] AndroidManifest.xml:23:13-66
88
89        <activity
89-->[androidx.compose.ui:ui-test-manifest:1.5.0] AndroidManifest.xml:23:9-25:39
90            android:name="androidx.activity.ComponentActivity"
90-->[androidx.compose.ui:ui-test-manifest:1.5.0] AndroidManifest.xml:24:13-63
91            android:exported="true" />
91-->[androidx.compose.ui:ui-test-manifest:1.5.0] AndroidManifest.xml:25:13-36
92        <activity
92-->[androidx.compose.ui:ui-tooling-android:1.5.0] AndroidManifest.xml:23:9-25:39
93            android:name="androidx.compose.ui.tooling.PreviewActivity"
93-->[androidx.compose.ui:ui-tooling-android:1.5.0] AndroidManifest.xml:24:13-71
94            android:exported="true" />
94-->[androidx.compose.ui:ui-tooling-android:1.5.0] AndroidManifest.xml:25:13-36
95
96        <provider
96-->[androidx.emoji2:emoji2:1.4.0] AndroidManifest.xml:24:9-32:20
97            android:name="androidx.startup.InitializationProvider"
97-->[androidx.emoji2:emoji2:1.4.0] AndroidManifest.xml:25:13-67
98            android:authorities="com.mediawalkie.androidx-startup"
98-->[androidx.emoji2:emoji2:1.4.0] AndroidManifest.xml:26:13-68
99            android:exported="false" >
99-->[androidx.emoji2:emoji2:1.4.0] AndroidManifest.xml:27:13-37
100            <meta-data
100-->[androidx.emoji2:emoji2:1.4.0] AndroidManifest.xml:29:13-31:52
101                android:name="androidx.emoji2.text.EmojiCompatInitializer"
101-->[androidx.emoji2:emoji2:1.4.0] AndroidManifest.xml:30:17-75
102                android:value="androidx.startup" />
102-->[androidx.emoji2:emoji2:1.4.0] AndroidManifest.xml:31:17-49
103            <meta-data
103-->[androidx.lifecycle:lifecycle-process:2.6.2] AndroidManifest.xml:29:13-31:52
104                android:name="androidx.lifecycle.ProcessLifecycleInitializer"
104-->[androidx.lifecycle:lifecycle-process:2.6.2] AndroidManifest.xml:30:17-78
105                android:value="androidx.startup" />
105-->[androidx.lifecycle:lifecycle-process:2.6.2] AndroidManifest.xml:31:17-49
106            <meta-data
106-->[androidx.profileinstaller:profileinstaller:1.3.0] AndroidManifest.xml:29:13-31:52
107                android:name="androidx.profileinstaller.ProfileInstallerInitializer"
107-->[androidx.profileinstaller:profileinstaller:1.3.0] AndroidManifest.xml:30:17-85
108                android:value="androidx.startup" />
108-->[androidx.profileinstaller:profileinstaller:1.3.0] AndroidManifest.xml:31:17-49
109        </provider>
110
111        <receiver
111-->[androidx.profileinstaller:profileinstaller:1.3.0] AndroidManifest.xml:34:9-52:20
112            android:name="androidx.profileinstaller.ProfileInstallReceiver"
112-->[androidx.profileinstaller:profileinstaller:1.3.0] AndroidManifest.xml:35:13-76
113            android:directBootAware="false"
113-->[androidx.profileinstaller:profileinstaller:1.3.0] AndroidManifest.xml:36:13-44
114            android:enabled="true"
114-->[androidx.profileinstaller:profileinstaller:1.3.0] AndroidManifest.xml:37:13-35
115            android:exported="true"
115-->[androidx.profileinstaller:profileinstaller:1.3.0] AndroidManifest.xml:38:13-36
116            android:permission="android.permission.DUMP" >
116-->[androidx.profileinstaller:profileinstaller:1.3.0] AndroidManifest.xml:39:13-57
117            <intent-filter>
117-->[androidx.profileinstaller:profileinstaller:1.3.0] AndroidManifest.xml:40:13-42:29
118                <action android:name="androidx.profileinstaller.action.INSTALL_PROFILE" />
118-->[androidx.profileinstaller:profileinstaller:1.3.0] AndroidManifest.xml:41:17-91
118-->[androidx.profileinstaller:profileinstaller:1.3.0] AndroidManifest.xml:41:25-88
119            </intent-filter>
120            <intent-filter>
120-->[androidx.profileinstaller:profileinstaller:1.3.0] AndroidManifest.xml:43:13-45:29
121                <action android:name="androidx.profileinstaller.action.SKIP_FILE" />
121-->[androidx.profileinstaller:profileinstaller:1.3.0] AndroidManifest.xml:44:17-85
121-->[androidx.profileinstaller:profileinstaller:1.3.0] AndroidManifest.xml:44:25-82
122            </intent-filter>
123            <intent-filter>
123-->[androidx.profileinstaller:profileinstaller:1.3.0] AndroidManifest.xml:46:13-48:29
124                <action android:name="androidx.profileinstaller.action.SAVE_PROFILE" />
124-->[androidx.profileinstaller:profileinstaller:1.3.0] AndroidManifest.xml:47:17-88
124-->[androidx.profileinstaller:profileinstaller:1.3.0] AndroidManifest.xml:47:25-85
125            </intent-filter>
126            <intent-filter>
126-->[androidx.profileinstaller:profileinstaller:1.3.0] AndroidManifest.xml:49:13-51:29
127                <action android:name="androidx.profileinstaller.action.BENCHMARK_OPERATION" />
127-->[androidx.profileinstaller:profileinstaller:1.3.0] AndroidManifest.xml:50:17-95
127-->[androidx.profileinstaller:profileinstaller:1.3.0] AndroidManifest.xml:50:25-92
128            </intent-filter>
129        </receiver>
130    </application>
131
132</manifest>